f:\code_project\learn\tool\cmake\project_template\templaterepocxx\build\include\glog-master\glog.dir\debug\vc143.pdb
f:\code_project\learn\tool\cmake\project_template\templaterepocxx\build\include\glog-master\glog.dir\debug\glog.obj
f:\code_project\learn\tool\cmake\project_template\templaterepocxx\build\include\glog-master\cmakefiles\glog.cc
f:\code_project\learn\tool\cmake\project_template\templaterepocxx\build\include\glog-master\cmakefiles\generate.stamp
f:\code_project\learn\tool\cmake\project_template\templaterepocxx\bin\debug\glogd.dll
f:\code_project\learn\tool\cmake\project_template\templaterepocxx\bin\debug\glogd.pdb
f:\code_project\learn\tool\cmake\project_template\templaterepocxx\build\include\glog-master\debug\glogd.lib
f:\code_project\learn\tool\cmake\project_template\templaterepocxx\build\include\glog-master\debug\glogd.exp
f:\code_project\learn\tool\cmake\project_template\templaterepocxx\build\include\glog-master\glog.dir\debug\glogd.ilk
f:\code_project\learn\tool\cmake\project_template\templaterepocxx\build\include\glog-master\glog.dir\debug\glog.tlog\cl.command.1.tlog
f:\code_project\learn\tool\cmake\project_template\templaterepocxx\build\include\glog-master\glog.dir\debug\glog.tlog\cl.items.tlog
f:\code_project\learn\tool\cmake\project_template\templaterepocxx\build\include\glog-master\glog.dir\debug\glog.tlog\cl.read.1.tlog
f:\code_project\learn\tool\cmake\project_template\templaterepocxx\build\include\glog-master\glog.dir\debug\glog.tlog\cl.write.1.tlog
f:\code_project\learn\tool\cmake\project_template\templaterepocxx\build\include\glog-master\glog.dir\debug\glog.tlog\custombuild.command.1.tlog
f:\code_project\learn\tool\cmake\project_template\templaterepocxx\build\include\glog-master\glog.dir\debug\glog.tlog\custombuild.read.1.tlog
f:\code_project\learn\tool\cmake\project_template\templaterepocxx\build\include\glog-master\glog.dir\debug\glog.tlog\custombuild.write.1.tlog
f:\code_project\learn\tool\cmake\project_template\templaterepocxx\build\include\glog-master\glog.dir\debug\glog.tlog\link.command.1.tlog
f:\code_project\learn\tool\cmake\project_template\templaterepocxx\build\include\glog-master\glog.dir\debug\glog.tlog\link.read.1.tlog
f:\code_project\learn\tool\cmake\project_template\templaterepocxx\build\include\glog-master\glog.dir\debug\glog.tlog\link.secondary.1.tlog
f:\code_project\learn\tool\cmake\project_template\templaterepocxx\build\include\glog-master\glog.dir\debug\glog.tlog\link.write.1.tlog
