f:\code_project\learn\tool\cmake\project_template\templaterepocxx\build\include\glog-master\glog_internal.dir\debug\glog_internal.pdb
f:\code_project\learn\tool\cmake\project_template\templaterepocxx\build\include\glog-master\glog_internal.dir\debug\port.obj
f:\code_project\learn\tool\cmake\project_template\templaterepocxx\build\include\glog-master\glog_internal.dir\debug\vlog_is_on.obj
f:\code_project\learn\tool\cmake\project_template\templaterepocxx\build\include\glog-master\glog_internal.dir\debug\utilities.obj
f:\code_project\learn\tool\cmake\project_template\templaterepocxx\build\include\glog-master\glog_internal.dir\debug\symbolize.obj
f:\code_project\learn\tool\cmake\project_template\templaterepocxx\build\include\glog-master\glog_internal.dir\debug\stacktrace.obj
f:\code_project\learn\tool\cmake\project_template\templaterepocxx\build\include\glog-master\glog_internal.dir\debug\signalhandler.obj
f:\code_project\learn\tool\cmake\project_template\templaterepocxx\build\include\glog-master\glog_internal.dir\debug\raw_logging.obj
f:\code_project\learn\tool\cmake\project_template\templaterepocxx\build\include\glog-master\glog_internal.dir\debug\logging.obj
f:\code_project\learn\tool\cmake\project_template\templaterepocxx\build\include\glog-master\glog_internal.dir\debug\flags.obj
f:\code_project\learn\tool\cmake\project_template\templaterepocxx\build\include\glog-master\glog_internal.dir\debug\demangle.obj
f:\code_project\learn\tool\cmake\project_template\templaterepocxx\build\include\glog-master\cmakefiles\generate.stamp
f:\code_project\learn\tool\cmake\project_template\templaterepocxx\build\include\glog-master\glog_internal.dir\debug\glog_internal.lib
f:\code_project\learn\tool\cmake\project_template\templaterepocxx\build\include\glog-master\glog_internal.dir\debug\glog_internal.tlog\cl.command.1.tlog
f:\code_project\learn\tool\cmake\project_template\templaterepocxx\build\include\glog-master\glog_internal.dir\debug\glog_internal.tlog\cl.items.tlog
f:\code_project\learn\tool\cmake\project_template\templaterepocxx\build\include\glog-master\glog_internal.dir\debug\glog_internal.tlog\cl.read.1.tlog
f:\code_project\learn\tool\cmake\project_template\templaterepocxx\build\include\glog-master\glog_internal.dir\debug\glog_internal.tlog\cl.write.1.tlog
f:\code_project\learn\tool\cmake\project_template\templaterepocxx\build\include\glog-master\glog_internal.dir\debug\glog_internal.tlog\custombuild.command.1.tlog
f:\code_project\learn\tool\cmake\project_template\templaterepocxx\build\include\glog-master\glog_internal.dir\debug\glog_internal.tlog\custombuild.read.1.tlog
f:\code_project\learn\tool\cmake\project_template\templaterepocxx\build\include\glog-master\glog_internal.dir\debug\glog_internal.tlog\custombuild.write.1.tlog
f:\code_project\learn\tool\cmake\project_template\templaterepocxx\build\include\glog-master\glog_internal.dir\debug\glog_internal.tlog\lib-link.write.1.tlog
f:\code_project\learn\tool\cmake\project_template\templaterepocxx\build\include\glog-master\glog_internal.dir\debug\glog_internal.tlog\lib.command.1.tlog
f:\code_project\learn\tool\cmake\project_template\templaterepocxx\build\include\glog-master\glog_internal.dir\debug\glog_internal.tlog\lib.read.1.tlog
